#
# A fatal error has been detected by the Java Runtime Environment:
#
#  EXCEPTION_ACCESS_VIOLATION (0xc0000005) at pc=0x00007ff9c194fa2a, pid=18604, tid=7656
#
# JRE version: OpenJDK Runtime Environment Temurin-17.0.4.1+1 (17.0.4.1+1) (build 17.0.4.1+1)
# Java VM: OpenJDK 64-Bit Server VM Temurin-17.0.4.1+1 (17.0.4.1+1, mixed mode, emulated-client, tiered, compressed oops, compressed class ptrs, g1 gc, windows-amd64)
# Problematic frame:
# V  [jvm.dll+0x79fa2a]
#
# No core dump will be written. Minidumps are not enabled by default on client versions of Windows
#
# If you would like to submit a bug report, please visit:
#   https://github.com/adoptium/adoptium-support/issues
#

---------------  S U M M A R Y ------------

Command Line: -XX:+ShowCodeDetailsInExceptionMessages -agentlib:jdwp=transport=dt_socket,suspend=y,address=localhost:16789 -Dcom.sun.management.jmxremote -Dcom.sun.management.jmxremote.port=21531 -Dcom.sun.management.jmxremote.authenticate=false -Dcom.sun.management.jmxremote.ssl=false -Djava.rmi.server.hostname=localhost -Dspring.jmx.enabled=true -Dspring.application.admin.enabled=true -XX:TieredStopAtLevel=1 -Dspring.boot.project.name=bank_audit -javaagent:C:\sts-4.16.0.RELEASE\configuration\org.eclipse.osgi\268\0\.cp\lib\javaagent-shaded.jar -Dfile.encoding=UTF-8 com.example.bank_audit.BankAuditApplication --spring.output.ansi.enabled=always

Host: Intel(R) Core(TM) i5-8265U CPU @ 1.60GHz, 8 cores, 7G,  Windows 10 , 64 bit Build 19041 (10.0.19041.1889)
Time: Fri Nov 17 16:17:35 2023 India Standard Time elapsed time: 267.990017 seconds (0d 0h 4m 27s)

---------------  T H R E A D  ---------------

Current thread (0x00000159516aa4c0):  JavaThread "JDWP Transport Listener: dt_socket" daemon [_thread_in_vm, id=7656, stack(0x000000188fc00000,0x000000188fd00000)]

Stack: [0x000000188fc00000,0x000000188fd00000],  sp=0x000000188fcff6f0,  free space=1021k
Native frames: (J=compiled Java code, j=interpreted, Vv=VM code, C=native code)
V  [jvm.dll+0x79fa2a]
V  [jvm.dll+0x50965c]
V  [jvm.dll+0x4d0cc4]
C  [jdwp.dll+0x22f7b]


siginfo: EXCEPTION_ACCESS_VIOLATION (0xc0000005), reading address 0x0000000001030019


Register to memory mapping:

RIP=0x00007ff9c194fa2a jvm.dll
RAX=0x0000000000000102 is an unknown value
RBX=0x000001595149dbbc points into unknown readable memory: 3b 00 00 3b
RCX=0x0000000001030015 is an unknown value
RDX=0x000001595529bfe0 points into unknown readable memory: 0x6178652f6d6f634c | 4c 63 6f 6d 2f 65 78 61
RSP=0x000000188fcff6f0 is pointing into the stack for thread: 0x00000159516aa4c0
RBP=0x000001595169aa60 points into unknown readable memory: 0x0000000000000002 | 02 00 00 00 00 00 00 00
RSI=0x0 is NULL
RDI=0xffffffffffffffff is an unknown value
R8 =0x000000000000077a is an unknown value
R9 =0x0000000000000040 is an unknown value
R10=0x0000000000000740 is an unknown value
R11=0x000000188fcff710 is pointing into the stack for thread: 0x00000159516aa4c0
R12=0x000000188fcff848 is pointing into the stack for thread: 0x00000159516aa4c0
R13=0x0 is NULL
R14=0x00000001008cbda8 is a pointer to class: 
com.example.bank_audit.enums.ColumnConfig {0x00000001008cbdb0}
 - instance size:     6
 - klass size:        81
 - access:            public synchronized abstract 
 - state:             fully_initialized
 - name:              'com/example/bank_audit/enums/ColumnConfig'
 - super:             'java/lang/Enum'
 - sub:               'com/example/bank_audit/enums/ColumnConfig$11'   'com/example/bank_audit/enums/ColumnConfig$10'   'com/example/bank_audit/enums/ColumnConfig$9'   'com/example/bank_audit/enums/ColumnConfig$8'   (7 more klasses...)
 - arrays:            'com/example/bank_audit/enums/ColumnConfig'[]
 - methods:           Array<T>(0x0000015954001fa0)
 - method ordering:   Array<T>(0x0000015954002a40)
 - default_methods:   Array<T>(0x0000000000000000)
 - local interfaces:  Array<T>(0x0000015950c00058)
 - trans. interfaces: Array<T>(0x0000015950ea54c8)
 - constants:         constant pool [289]/operands[14] {0x0000015954348008} for 'com/example/bank_audit/enums/ColumnConfig' cache=0x0000015954348a18
 - class loader data:  loader data: 0x0000015950815670 for instance a 'jdk/internal/loader/ClassLoaders$AppClassLoader'{0x00000000826f6e00}
 - source file:       'ColumnConfig.java'
 - source debug extension:       SMAP
ColumnConfig.java
Java
*S jdt
*F
1 ColumnConfig.java
2 file:/C:/Users/SHITAL%20KUHIKAR/Desktop/bank_audit/target/classes/
*L
*E

 - class annotations:       Array<T>(0x0000000000000000)
 - class type annotations:  Array<T>(0x0000000000000000)
 - field annotations:       Array<T>(0x0000000000000000)
 - field type annotations:  Array<T>(0x0000000000000000)
 - generic signature: '
[error occurred during error reporting (printing register info), id 0xc0000005, EXCEPTION_ACCESS_VIOLATION (0xc0000005) at pc=0x00007ff9c1950636]

Registers:
RAX=0x0000000000000102, RBX=0x000001595149dbbc, RCX=0x0000000001030015, RDX=0x000001595529bfe0
RSP=0x000000188fcff6f0, RBP=0x000001595169aa60, RSI=0x0000000000000000, RDI=0xffffffffffffffff
R8 =0x000000000000077a, R9 =0x0000000000000040, R10=0x0000000000000740, R11=0x000000188fcff710
R12=0x000000188fcff848, R13=0x0000000000000000, R14=0x00000001008cbda8, R15=0x000000188fcff870
RIP=0x00007ff9c194fa2a, EFLAGS=0x0000000000010206

Top of Stack: (sp=0x000000188fcff6f0)
0x000000188fcff6f0:   0000000000000029 00000001008cbda8
0x000000188fcff700:   000001595529b4e0 00007ffa14bd47b1
0x000000188fcff710:   ffffffffffffffff 00007ff9c16b965c
0x000000188fcff720:   000001595149dbbc 000001595149db90
0x000000188fcff730:   000001595169aa60 00007ff9c16bc17d
0x000000188fcff740:   000001595149db50 00000000000003d8
0x000000188fcff750:   000001595149db60 000001595149df38
0x000000188fcff760:   0000000000016801 000000188fcff848
0x000000188fcff770:   0000000000000007 00000159516aa768
0x000000188fcff780:   0000000083d9ba58 00007ff9c1680cc4
0x000000188fcff790:   00000159516aa4c0 000000188fcff870
0x000000188fcff7a0:   0000015942c132b0 000000188fcff870
0x000000188fcff7b0:   00000159516aa4c0 0000000000000000
0x000000188fcff7c0:   0000000000000000 0000000000000000
0x000000188fcff7d0:   00000159516bdbc8 00007ffa0b502f7b
0x000000188fcff7e0:   000000188fcff868 00007ffa0b511600 

Instructions: (pc=0x00007ff9c194fa2a)
0x00007ff9c194f92a:   48 83 c4 20 5f e9 bc 69 90 ff cc cc cc cc cc cc
0x00007ff9c194f93a:   cc cc cc cc cc cc 48 89 5c 24 08 57 48 83 ec 20
0x00007ff9c194f94a:   83 fa 02 8d 42 06 b9 08 00 00 00 49 8b d8 0f 4e
0x00007ff9c194f95a:   c1 48 63 c8 48 83 c1 07 83 e1 f8 48 63 f9 49 8b
0x00007ff9c194f96a:   48 18 48 8b c7 48 f7 d0 48 3b c1 73 16 4c 8d 05
0x00007ff9c194f97a:   ba 58 17 00 48 8b d7 48 8b cb e8 c7 cc 90 ff 48
0x00007ff9c194f98a:   8b 4b 18 48 8d 04 39 48 3b 43 20 76 18 45 33 c0
0x00007ff9c194f99a:   48 8b d7 48 8b cb 48 8b 5c 24 30 48 83 c4 20 5f
0x00007ff9c194f9aa:   e9 21 c9 90 ff 48 89 43 18 48 8b c1 48 8b 5c 24
0x00007ff9c194f9ba:   30 48 83 c4 20 5f c3 cc cc cc cc cc cc cc cc cc
0x00007ff9c194f9ca:   cc cc cc cc cc cc 4c 8b d2 4c 8b d9 45 85 c0 7e
0x00007ff9c194f9da:   3c 44 0f b7 49 04 41 8d 40 ff 41 3b c1 44 0f 4c
0x00007ff9c194f9ea:   c8 4d 63 c1 45 85 c9 7e 1f 48 8b c2 4c 2b da 49
0x00007ff9c194f9fa:   8b d0 0f 1f 40 00 41 0f b6 4c 03 06 88 08 48 8d
0x00007ff9c194fa0a:   40 01 48 83 ea 01 75 ee 43 c6 04 10 00 49 8b c2
0x00007ff9c194fa1a:   c3 cc cc cc cc cc 48 89 5c 24 08 57 48 83 ec 20
0x00007ff9c194fa2a:   0f b7 59 04 48 8b f9 33 d2 48 8d 4b 01 e8 f4 d9
0x00007ff9c194fa3a:   f2 ff 0f b7 57 04 4c 8b c0 3b da 0f 42 d3 44 8b
0x00007ff9c194fa4a:   ca 85 d2 74 39 48 2b f8 0f 1f 40 00 66 66 0f 1f
0x00007ff9c194fa5a:   84 00 00 00 00 00 0f b6 4c 07 06 88 08 48 ff c0
0x00007ff9c194fa6a:   48 8b c8 49 2b c8 49 3b c9 7c eb 42 c6 04 02 00
0x00007ff9c194fa7a:   49 8b c0 48 8b 5c 24 30 48 83 c4 20 5f c3 48 8b
0x00007ff9c194fa8a:   5c 24 30 c6 04 02 00 48 83 c4 20 5f c3 cc cc cc
0x00007ff9c194fa9a:   cc cc cc cc cc cc 4c 8b d1 45 85 c0 7e 6c 44 0f
0x00007ff9c194faaa:   b7 49 04 41 8d 40 ff 41 3b c1 44 0f 4c c8 4d 63
0x00007ff9c194faba:   d9 45 85 c9 7e 22 48 8b ca 4c 2b d2 4d 8b c3 0f
0x00007ff9c194faca:   1f 80 00 00 00 00 41 0f b6 44 0a 06 88 01 48 8d
0x00007ff9c194fada:   49 01 49 83 e8 01 75 ee 41 c6 04 13 00 48 c7 c0
0x00007ff9c194faea:   ff ff ff ff 66 90 48 ff c0 80 3c 02 00 75 f7 48
0x00007ff9c194fafa:   63 c8 85 c0 48 8b c2 7e 14 80 38 2f 75 03 c6 00
0x00007ff9c194fb0a:   2e 48 ff c0 48 83 e9 01 75 ef 48 8b c2 c3 cc cc
0x00007ff9c194fb1a:   cc cc cc cc cc cc 48 83 ec 28 e8 f7 fe ff ff 4c 


Stack slot to memory mapping:
stack at sp + 0 slots: 0x0000000000000029 is an unknown value
stack at sp + 1 slots: 0x00000001008cbda8 is a pointer to class: 
com.example.bank_audit.enums.ColumnConfig {0x00000001008cbdb0}
 - instance size:     6
 - klass size:        81
 - access:            public synchronized abstract 
 - state:             fully_initialized
 - name:              'com/example/bank_audit/enums/ColumnConfig'
 - super:             'java/lang/Enum'
 - sub:               'com/example/bank_audit/enums/ColumnConfig$11'   'com/example/bank_audit/enums/ColumnConfig$10'   'com/example/bank_audit/enums/ColumnConfig$9'   'com/example/bank_audit/enums/ColumnConfig$8'   (7 more klasses...)
 - arrays:            'com/example/bank_audit/enums/ColumnConfig'[]
 - methods:           Array<T>(0x0000015954001fa0)
 - method ordering:   Array<T>(0x0000015954002a40)
 - default_methods:   Array<T>(0x0000000000000000)
 - local interfaces:  Array<T>(0x0000015950c00058)
 - trans. interfaces: Array<T>(0x0000015950ea54c8)
 - constants:         constant pool [289]/operands[14] {0x0000015954348008} for 'com/example/bank_audit/enums/ColumnConfig' cache=0x0000015954348a18
 - class loader data:  loader data: 0x0000015950815670 for instance a 'jdk/internal/loader/ClassLoaders$AppClassLoader'{0x00000000826f6e00}
 - source file:       'ColumnConfig.java'
 - source debug extension:       SMAP
ColumnConfig.java
Java
*S jdt
*F
1 ColumnConfig.java
2 file:/C:/Users/SHITAL%20KUHIKAR/Desktop/bank_audit/target/classes/
*L
*E

 - class annotations:       Array<T>(0x0000000000000000)
 - class type annotations:  Array<T>(0x0000000000000000)
 - field annotations:       Array<T>(0x0000000000000000)
 - field type annotations:  Array<T>(0x0000000000000000)
 - generic signature: '
[error occurred during error reporting (inspecting top of stack), id 0xc0000005, EXCEPTION_ACCESS_VIOLATION (0xc0000005) at pc=0x00007ff9c1950636]


---------------  P R O C E S S  ---------------

Threads class SMR info:
_java_thread_list=0x0000015955766690, length=37, elements={
0x000001595142c2d0, 0x000001595142e4e0, 0x000001595145fc80, 0x0000015951462900,
0x00000159514632b0, 0x0000015951490ed0, 0x0000015951494c90, 0x000001595149b5b0,
0x00000159509372f0, 0x00000159516aa4c0, 0x00000159516b5710, 0x00000159516b6600,
0x0000015952188f30, 0x0000015952282e70, 0x000001595229d690, 0x0000015951e33430,
0x0000015952c1e080, 0x0000015952f52700, 0x0000015952f63b50, 0x0000015952294560,
0x0000015952294090, 0x0000015952297580, 0x0000015952294a30, 0x0000015952294f00,
0x0000015952295d70, 0x00000159557e29a0, 0x00000159557e76a0, 0x00000159557e0cc0,
0x00000159557e71d0, 0x00000159557e2000, 0x00000159557e07f0, 0x00000159557e1190,
0x00000159557e54f0, 0x00000159557e24d0, 0x00000159557e2e70, 0x00000159557e3810,
0x00000159557e4680
}

Java Threads: ( => current thread )
  0x000001595142c2d0 JavaThread "Reference Handler" daemon [_thread_blocked, id=12972, stack(0x000000188f100000,0x000000188f200000)]
  0x000001595142e4e0 JavaThread "Finalizer" daemon [_thread_blocked, id=92, stack(0x000000188f200000,0x000000188f300000)]
  0x000001595145fc80 JavaThread "Signal Dispatcher" daemon [_thread_blocked, id=14572, stack(0x000000188f300000,0x000000188f400000)]
  0x0000015951462900 JavaThread "Attach Listener" daemon [_thread_blocked, id=1856, stack(0x000000188f400000,0x000000188f500000)]
  0x00000159514632b0 JavaThread "Service Thread" daemon [_thread_blocked, id=27268, stack(0x000000188f500000,0x000000188f600000)]
  0x0000015951490ed0 JavaThread "Monitor Deflation Thread" daemon [_thread_blocked, id=6800, stack(0x000000188f600000,0x000000188f700000)]
  0x0000015951494c90 JavaThread "C1 CompilerThread0" daemon [_thread_blocked, id=21168, stack(0x000000188f700000,0x000000188f800000)]
  0x000001595149b5b0 JavaThread "Sweeper thread" daemon [_thread_blocked, id=24808, stack(0x000000188f800000,0x000000188f900000)]
  0x00000159509372f0 JavaThread "Common-Cleaner" daemon [_thread_blocked, id=9324, stack(0x000000188f900000,0x000000188fa00000)]
=>0x00000159516aa4c0 JavaThread "JDWP Transport Listener: dt_socket" daemon [_thread_in_vm, id=7656, stack(0x000000188fc00000,0x000000188fd00000)]
  0x00000159516b5710 JavaThread "JDWP Event Helper Thread" daemon [_thread_blocked, id=22324, stack(0x000000188fd00000,0x000000188fe00000)]
  0x00000159516b6600 JavaThread "JDWP Command Reader" daemon [_thread_in_native, id=1508, stack(0x000000188fe00000,0x000000188ff00000)]
  0x0000015952188f30 JavaThread "Notification Thread" daemon [_thread_blocked, id=13392, stack(0x000000188ff00000,0x0000001890000000)]
  0x0000015952282e70 JavaThread "RMI TCP Accept-0" daemon [_thread_in_native, id=7120, stack(0x0000001890000000,0x0000001890100000)]
  0x000001595229d690 JavaThread "RMI TCP Accept-21531" daemon [_thread_in_native, id=16616, stack(0x0000001890100000,0x0000001890200000)]
  0x0000015951e33430 JavaThread "RMI TCP Accept-0" daemon [_thread_in_native, id=7932, stack(0x0000001890a00000,0x0000001890b00000)]
  0x0000015952c1e080 JavaThread "RMI Scheduler(0)" daemon [_thread_blocked, id=8660, stack(0x0000001890e00000,0x0000001890f00000)]
  0x0000015952f52700 JavaThread "RMI TCP Connection(idle)" daemon [_thread_blocked, id=13352, stack(0x0000001890f00000,0x0000001891000000)]
  0x0000015952f63b50 JavaThread "JMX server connection timeout 25" daemon [_thread_blocked, id=13472, stack(0x0000001891000000,0x0000001891100000)]
  0x0000015952294560 JavaThread "Catalina-utility-1" [_thread_blocked, id=20296, stack(0x0000001891100000,0x0000001891200000)]
  0x0000015952294090 JavaThread "Catalina-utility-2" [_thread_blocked, id=17800, stack(0x0000001891300000,0x0000001891400000)]
  0x0000015952297580 JavaThread "container-0" [_thread_blocked, id=3840, stack(0x0000001891400000,0x0000001891500000)]
  0x0000015952294a30 JavaThread "HikariPool-1 housekeeper" daemon [_thread_blocked, id=17328, stack(0x0000001891600000,0x0000001891700000)]
  0x0000015952294f00 JavaThread "http-nio-8080-BlockPoller" daemon [_thread_in_native, id=20572, stack(0x0000001891800000,0x0000001891900000)]
  0x0000015952295d70 JavaThread "http-nio-8080-exec-1" daemon [_thread_blocked, id=14388, stack(0x0000001891900000,0x0000001891a00000)]
  0x00000159557e29a0 JavaThread "http-nio-8080-exec-2" daemon [_thread_blocked, id=10688, stack(0x0000001891a00000,0x0000001891b00000)]
  0x00000159557e76a0 JavaThread "http-nio-8080-exec-3" daemon [_thread_blocked, id=14748, stack(0x0000001891b00000,0x0000001891c00000)]
  0x00000159557e0cc0 JavaThread "http-nio-8080-exec-4" daemon [_thread_blocked, id=26012, stack(0x0000001891c00000,0x0000001891d00000)]
  0x00000159557e71d0 JavaThread "http-nio-8080-exec-5" daemon [_thread_blocked, id=3256, stack(0x0000001891d00000,0x0000001891e00000)]
  0x00000159557e2000 JavaThread "http-nio-8080-exec-6" daemon [_thread_blocked, id=13248, stack(0x0000001891e00000,0x0000001891f00000)]
  0x00000159557e07f0 JavaThread "http-nio-8080-exec-7" daemon [_thread_blocked, id=25880, stack(0x0000001891f00000,0x0000001892000000)]
  0x00000159557e1190 JavaThread "http-nio-8080-exec-8" daemon [_thread_blocked, id=9388, stack(0x0000001892000000,0x0000001892100000)]
  0x00000159557e54f0 JavaThread "http-nio-8080-exec-9" daemon [_thread_blocked, id=26804, stack(0x0000001892100000,0x0000001892200000)]
  0x00000159557e24d0 JavaThread "http-nio-8080-exec-10" daemon [_thread_blocked, id=20488, stack(0x0000001892200000,0x0000001892300000)]
  0x00000159557e2e70 JavaThread "http-nio-8080-ClientPoller" daemon [_thread_in_native, id=8900, stack(0x0000001892300000,0x0000001892400000)]
  0x00000159557e3810 JavaThread "http-nio-8080-Acceptor" daemon [_thread_in_native, id=5508, stack(0x0000001892400000,0x0000001892500000)]
  0x00000159557e4680 JavaThread "DestroyJavaVM" [_thread_blocked, id=8924, stack(0x000000188ea00000,0x000000188eb00000)]

Other Threads:
  0x0000015951441760 VMThread "VM Thread" [stack: 0x000000188f000000,0x000000188f100000] [id=11920]
  0x0000015942c9a3b0 WatcherThread [stack: 0x0000001890b00000,0x0000001890c00000] [id=23160]
  0x0000015942c798a0 GCTaskThread "GC Thread#0" [stack: 0x000000188eb00000,0x000000188ec00000] [id=27880]
  0x00000159522cbc30 GCTaskThread "GC Thread#1" [stack: 0x0000001890200000,0x0000001890300000] [id=27724]
  0x00000159522cbee0 GCTaskThread "GC Thread#2" [stack: 0x0000001890300000,0x0000001890400000] [id=14968]
  0x0000015952339760 GCTaskThread "GC Thread#3" [stack: 0x0000001890400000,0x0000001890500000] [id=19636]
  0x0000015952339a10 GCTaskThread "GC Thread#4" [stack: 0x0000001890500000,0x0000001890600000] [id=17396]
  0x000001595233bcd0 GCTaskThread "GC Thread#5" [stack: 0x0000001890600000,0x0000001890700000] [id=17076]
  0x000001595233c640 GCTaskThread "GC Thread#6" [stack: 0x0000001890700000,0x0000001890800000] [id=17524]
  0x000001595233ccf0 GCTaskThread "GC Thread#7" [stack: 0x0000001890800000,0x0000001890900000] [id=28032]
  0x0000015942c8b850 ConcurrentGCThread "G1 Main Marker" [stack: 0x000000188ec00000,0x000000188ed00000] [id=536]
  0x0000015942c8d910 ConcurrentGCThread "G1 Conc#0" [stack: 0x000000188ed00000,0x000000188ee00000] [id=26172]
  0x00000159530ff840 ConcurrentGCThread "G1 Conc#1" [stack: 0x0000001891200000,0x0000001891300000] [id=20580]
  0x0000015942cbec90 ConcurrentGCThread "G1 Refine#0" [stack: 0x000000188ee00000,0x000000188ef00000] [id=20556]
  0x00000159522e7c60 ConcurrentGCThread "G1 Refine#1" [stack: 0x0000001890900000,0x0000001890a00000] [id=8140]
  0x00000159507dafd0 ConcurrentGCThread "G1 Service" [stack: 0x000000188ef00000,0x000000188f000000] [id=20980]

Threads with active compile tasks:

VM state: not at safepoint (normal execution)

VM Mutex/Monitor currently owned by a thread: None

Heap address: 0x0000000081e00000, size: 2018 MB, Compressed Oops mode: 32-bit

CDS archive(s) not mapped
Compressed class space mapped at: 0x0000000100000000-0x0000000140000000, reserved size: 1073741824
Narrow klass base: 0x0000000000000000, Narrow klass shift: 3, Narrow klass range: 0x140000000

GC Precious Log:
 CPUs: 8 total, 8 available
 Memory: 8070M
 Large Page Support: Disabled
 NUMA Support: Disabled
 Compressed Oops: Enabled (32-bit)
 Heap Region Size: 1M
 Heap Min Capacity: 8M
 Heap Initial Capacity: 128M
 Heap Max Capacity: 2018M
 Pre-touch: Disabled
 Parallel Workers: 8
 Concurrent Workers: 2
 Concurrent Refinement Workers: 8
 Periodic GC: Disabled

Heap:
 garbage-first heap   total 71680K, used 41072K [0x0000000081e00000, 0x0000000100000000)
  region size 1024K, 8 young (8192K), 1 survivors (1024K)
 Metaspace       used 67592K, committed 68096K, reserved 1114112K
  class space    used 8899K, committed 9088K, reserved 1048576K

Heap Regions: E=young(eden), S=young(survivor), O=old, HS=humongous(starts), HC=humongous(continues), CS=collection set, F=free, OA=open archive, CA=closed archive, TAMS=top-at-mark-start (previous, next)
|   0|0x0000000081e00000, 0x0000000081f00000, 0x0000000081f00000|100%|HS|  |TAMS 0x0000000081f00000, 0x0000000081e00000| Complete 
|   1|0x0000000081f00000, 0x0000000082000000, 0x0000000082000000|100%|HS|  |TAMS 0x0000000082000000, 0x0000000081f00000| Complete 
|   2|0x0000000082000000, 0x0000000082100000, 0x0000000082100000|100%| O|  |TAMS 0x0000000082100000, 0x0000000082000000| Untracked 
|   3|0x0000000082100000, 0x0000000082200000, 0x0000000082200000|100%| O|  |TAMS 0x0000000082200000, 0x0000000082100000| Untracked 
|   4|0x0000000082200000, 0x0000000082300000, 0x0000000082300000|100%| O|  |TAMS 0x0000000082300000, 0x0000000082200000| Untracked 
|   5|0x0000000082300000, 0x0000000082400000, 0x0000000082400000|100%| O|  |TAMS 0x0000000082400000, 0x0000000082300000| Untracked 
|   6|0x0000000082400000, 0x0000000082500000, 0x0000000082500000|100%| O|  |TAMS 0x0000000082500000, 0x0000000082400000| Untracked 
|   7|0x0000000082500000, 0x0000000082600000, 0x0000000082600000|100%| O|  |TAMS 0x0000000082600000, 0x0000000082500000| Untracked 
|   8|0x0000000082600000, 0x0000000082700000, 0x0000000082700000|100%| O|  |TAMS 0x0000000082700000, 0x0000000082600000| Untracked 
|   9|0x0000000082700000, 0x0000000082800000, 0x0000000082800000|100%| O|  |TAMS 0x0000000082800000, 0x0000000082700000| Untracked 
|  10|0x0000000082800000, 0x00000000828ed200, 0x0000000082900000| 92%| O|  |TAMS 0x00000000828ed200, 0x0000000082800000| Untracked 
|  11|0x0000000082900000, 0x0000000082a00000, 0x0000000082a00000|100%| O|  |TAMS 0x0000000082a00000, 0x0000000082900000| Untracked 
|  12|0x0000000082a00000, 0x0000000082a00000, 0x0000000082b00000|  0%| F|  |TAMS 0x0000000082a00000, 0x0000000082a00000| Untracked 
|  13|0x0000000082b00000, 0x0000000082c00000, 0x0000000082c00000|100%| O|  |TAMS 0x0000000082c00000, 0x0000000082b00000| Untracked 
|  14|0x0000000082c00000, 0x0000000082d00000, 0x0000000082d00000|100%| O|  |TAMS 0x0000000082d00000, 0x0000000082c00000| Untracked 
|  15|0x0000000082d00000, 0x0000000082e00000, 0x0000000082e00000|100%| O|  |TAMS 0x0000000082e00000, 0x0000000082d00000| Untracked 
|  16|0x0000000082e00000, 0x0000000082f00000, 0x0000000082f00000|100%| O|  |TAMS 0x0000000082f00000, 0x0000000082e00000| Untracked 
|  17|0x0000000082f00000, 0x0000000082f00000, 0x0000000083000000|  0%| F|  |TAMS 0x0000000082f00000, 0x0000000082f00000| Untracked 
|  18|0x0000000083000000, 0x0000000083000000, 0x0000000083100000|  0%| F|  |TAMS 0x0000000083000000, 0x0000000083000000| Untracked 
|  19|0x0000000083100000, 0x0000000083200000, 0x0000000083200000|100%| O|  |TAMS 0x0000000083200000, 0x0000000083100000| Untracked 
|  20|0x0000000083200000, 0x0000000083300000, 0x0000000083300000|100%| O|  |TAMS 0x0000000083300000, 0x0000000083200000| Untracked 
|  21|0x0000000083300000, 0x0000000083400000, 0x0000000083400000|100%| O|  |TAMS 0x0000000083400000, 0x0000000083300000| Untracked 
|  22|0x0000000083400000, 0x0000000083500000, 0x0000000083500000|100%| O|  |TAMS 0x0000000083500000, 0x0000000083400000| Untracked 
|  23|0x0000000083500000, 0x0000000083600000, 0x0000000083600000|100%| O|  |TAMS 0x0000000083600000, 0x0000000083500000| Untracked 
|  24|0x0000000083600000, 0x0000000083700000, 0x0000000083700000|100%| O|  |TAMS 0x0000000083700000, 0x0000000083600000| Untracked 
|  25|0x0000000083700000, 0x0000000083700000, 0x0000000083800000|  0%| F|  |TAMS 0x0000000083700000, 0x0000000083700000| Untracked 
|  26|0x0000000083800000, 0x0000000083900000, 0x0000000083900000|100%| O|  |TAMS 0x0000000083900000, 0x0000000083800000| Untracked 
|  27|0x0000000083900000, 0x0000000083900000, 0x0000000083a00000|  0%| F|  |TAMS 0x0000000083900000, 0x0000000083900000| Untracked 
|  28|0x0000000083a00000, 0x0000000083b00000, 0x0000000083b00000|100%| O|  |TAMS 0x0000000083b00000, 0x0000000083a00000| Untracked 
|  29|0x0000000083b00000, 0x0000000083c00000, 0x0000000083c00000|100%| O|  |TAMS 0x0000000083c00000, 0x0000000083b00000| Untracked 
|  30|0x0000000083c00000, 0x0000000083d00000, 0x0000000083d00000|100%| O|  |TAMS 0x0000000083d00000, 0x0000000083c00000| Untracked 
|  31|0x0000000083d00000, 0x0000000083e00000, 0x0000000083e00000|100%| O|  |TAMS 0x0000000083d90e00, 0x0000000083d00000| Untracked 
|  32|0x0000000083e00000, 0x0000000083f00000, 0x0000000083f00000|100%| O|  |TAMS 0x0000000083e00000, 0x0000000083e00000| Untracked 
|  33|0x0000000083f00000, 0x0000000084000000, 0x0000000084000000|100%| O|  |TAMS 0x0000000083f00000, 0x0000000083f00000| Untracked 
|  34|0x0000000084000000, 0x0000000084100000, 0x0000000084100000|100%| O|  |TAMS 0x0000000084000000, 0x0000000084000000| Untracked 
|  35|0x0000000084100000, 0x0000000084200000, 0x0000000084200000|100%| O|  |TAMS 0x0000000084100000, 0x0000000084100000| Untracked 
|  36|0x0000000084200000, 0x0000000084300000, 0x0000000084300000|100%| O|  |TAMS 0x0000000084200000, 0x0000000084200000| Untracked 
|  37|0x0000000084300000, 0x0000000084400000, 0x0000000084400000|100%| O|  |TAMS 0x0000000084300000, 0x0000000084300000| Untracked 
|  38|0x0000000084400000, 0x0000000084439e00, 0x0000000084500000| 22%| O|  |TAMS 0x0000000084400000, 0x0000000084400000| Untracked 
|  39|0x0000000084500000, 0x0000000084500000, 0x0000000084600000|  0%| F|  |TAMS 0x0000000084500000, 0x0000000084500000| Untracked 
|  40|0x0000000084600000, 0x0000000084600000, 0x0000000084700000|  0%| F|  |TAMS 0x0000000084600000, 0x0000000084600000| Untracked 
|  41|0x0000000084700000, 0x0000000084700000, 0x0000000084800000|  0%| F|  |TAMS 0x0000000084700000, 0x0000000084700000| Untracked 
|  42|0x0000000084800000, 0x0000000084800000, 0x0000000084900000|  0%| F|  |TAMS 0x0000000084800000, 0x0000000084800000| Untracked 
|  43|0x0000000084900000, 0x0000000084900000, 0x0000000084a00000|  0%| F|  |TAMS 0x0000000084900000, 0x0000000084900000| Untracked 
|  44|0x0000000084a00000, 0x0000000084a00000, 0x0000000084b00000|  0%| F|  |TAMS 0x0000000084a00000, 0x0000000084a00000| Untracked 
|  45|0x0000000084b00000, 0x0000000084b00000, 0x0000000084c00000|  0%| F|  |TAMS 0x0000000084b00000, 0x0000000084b00000| Untracked 
|  46|0x0000000084c00000, 0x0000000084c00000, 0x0000000084d00000|  0%| F|  |TAMS 0x0000000084c00000, 0x0000000084c00000| Untracked 
|  47|0x0000000084d00000, 0x0000000084d00000, 0x0000000084e00000|  0%| F|  |TAMS 0x0000000084d00000, 0x0000000084d00000| Untracked 
|  48|0x0000000084e00000, 0x0000000084e00000, 0x0000000084f00000|  0%| F|  |TAMS 0x0000000084e00000, 0x0000000084e00000| Untracked 
|  49|0x0000000084f00000, 0x0000000084f00000, 0x0000000085000000|  0%| F|  |TAMS 0x0000000084f00000, 0x0000000084f00000| Untracked 
|  50|0x0000000085000000, 0x0000000085000000, 0x0000000085100000|  0%| F|  |TAMS 0x0000000085000000, 0x0000000085000000| Untracked 
|  51|0x0000000085100000, 0x0000000085100000, 0x0000000085200000|  0%| F|  |TAMS 0x0000000085100000, 0x0000000085100000| Untracked 
|  52|0x0000000085200000, 0x0000000085200000, 0x0000000085300000|  0%| F|  |TAMS 0x0000000085200000, 0x0000000085200000| Untracked 
|  53|0x0000000085300000, 0x0000000085300000, 0x0000000085400000|  0%| F|  |TAMS 0x0000000085300000, 0x0000000085300000| Untracked 
|  54|0x0000000085400000, 0x0000000085400000, 0x0000000085500000|  0%| F|  |TAMS 0x0000000085400000, 0x0000000085400000| Untracked 
|  55|0x0000000085500000, 0x0000000085500000, 0x0000000085600000|  0%| F|  |TAMS 0x0000000085500000, 0x0000000085500000| Untracked 
|  56|0x0000000085600000, 0x0000000085600000, 0x0000000085700000|  0%| F|  |TAMS 0x0000000085600000, 0x0000000085600000| Untracked 
|  57|0x0000000085700000, 0x0000000085700000, 0x0000000085800000|  0%| F|  |TAMS 0x0000000085700000, 0x0000000085700000| Untracked 
|  58|0x0000000085800000, 0x0000000085800000, 0x0000000085900000|  0%| F|  |TAMS 0x0000000085800000, 0x0000000085800000| Untracked 
|  59|0x0000000085900000, 0x0000000085900000, 0x0000000085a00000|  0%| F|  |TAMS 0x0000000085900000, 0x0000000085900000| Untracked 
|  60|0x0000000085a00000, 0x0000000085a00000, 0x0000000085b00000|  0%| F|  |TAMS 0x0000000085a00000, 0x0000000085a00000| Untracked 
|  61|0x0000000085b00000, 0x0000000085b00000, 0x0000000085c00000|  0%| F|  |TAMS 0x0000000085b00000, 0x0000000085b00000| Untracked 
|  62|0x0000000085c00000, 0x0000000085c33ec8, 0x0000000085d00000| 20%| E|  |TAMS 0x0000000085c00000, 0x0000000085c00000| Complete 
|  63|0x0000000085d00000, 0x0000000085e00000, 0x0000000085e00000|100%| E|CS|TAMS 0x0000000085d00000, 0x0000000085d00000| Complete 
|  64|0x0000000085e00000, 0x0000000085f00000, 0x0000000085f00000|100%| E|CS|TAMS 0x0000000085e00000, 0x0000000085e00000| Complete 
|  65|0x0000000085f00000, 0x0000000086000000, 0x0000000086000000|100%| E|CS|TAMS 0x0000000085f00000, 0x0000000085f00000| Complete 
|  66|0x0000000086000000, 0x0000000086100000, 0x0000000086100000|100%| E|CS|TAMS 0x0000000086000000, 0x0000000086000000| Complete 
|  67|0x0000000086100000, 0x0000000086200000, 0x0000000086200000|100%| E|CS|TAMS 0x0000000086100000, 0x0000000086100000| Complete 
|  83|0x0000000087100000, 0x00000000871f5008, 0x0000000087200000| 95%| S|CS|TAMS 0x0000000087100000, 0x0000000087100000| Complete 
| 127|0x0000000089d00000, 0x0000000089e00000, 0x0000000089e00000|100%| E|CS|TAMS 0x0000000089d00000, 0x0000000089d00000| Complete 

Card table byte_map: [0x00000159497c0000,0x0000015949bc0000] _byte_map_base: 0x00000159493b1000

Marking Bits (Prev, Next): (CMBitMap*) 0x0000015942c7adc0, (CMBitMap*) 0x0000015942c7ae00
 Prev Bits: [0x0000015949fc0000, 0x000001594bf48000)
 Next Bits: [0x000001594bf50000, 0x000001594ded8000)

Polling page: 0x0000015940b80000

Metaspace:

Usage:
  Non-class:     57.32 MB used.
      Class:      8.69 MB used.
       Both:     66.01 MB used.

Virtual space:
  Non-class space:       64.00 MB reserved,      57.62 MB ( 90%) committed,  8 nodes.
      Class space:        1.00 GB reserved,       8.88 MB ( <1%) committed,  1 nodes.
             Both:        1.06 GB reserved,      66.50 MB (  6%) committed. 

Chunk freelists:
   Non-Class:  1.70 MB
       Class:  3.14 MB
        Both:  4.84 MB

MaxMetaspaceSize: unlimited
CompressedClassSpaceSize: 1.00 GB
Initial GC threshold: 21.00 MB
Current GC threshold: 110.88 MB
CDS: off
MetaspaceReclaimPolicy: balanced
 - commit_granule_bytes: 65536.
 - commit_granule_words: 8192.
 - virtual_space_node_default_size: 1048576.
 - enlarge_chunks_in_place: 1.
 - new_chunks_are_fully_committed: 0.
 - uncommit_free_chunks: 1.
 - use_allocation_guard: 0.
 - handle_deallocations: 1.


Internal statistics:

num_allocs_failed_limit: 11.
num_arena_births: 550.
num_arena_deaths: 138.
num_vsnodes_births: 9.
num_vsnodes_deaths: 0.
num_space_committed: 1064.
num_space_uncommitted: 0.
num_chunks_returned_to_freelist: 177.
num_chunks_taken_from_freelist: 2600.
num_chunk_merges: 64.
num_chunk_splits: 1852.
num_chunks_enlarged: 1458.
num_purges: 2.
num_inconsistent_stats: 0.

CodeCache: size=49152Kb used=12104Kb max_used=13276Kb free=37047Kb
 bounds [0x00000159462b0000, 0x0000015946ff0000, 0x00000159492b0000]
 total_blobs=7050 nmethods=6433 adapters=544
 compilation: enabled
              stopped_count=0, restarted_count=0
 full_count=0

Compilation events (20 events):
Event: 224.671 Thread 0x0000015951494c90 6423       1       java.util.concurrent.locks.ReentrantReadWriteLock$Sync::tryReleaseShared (146 bytes)
Event: 224.672 Thread 0x0000015951494c90 nmethod 6423 0x00000159464cf310 code [0x00000159464cf500, 0x00000159464cf948]
Event: 252.587 Thread 0x0000015951494c90 6424       1       java.util.Collections$SetFromMap::iterator (10 bytes)
Event: 252.587 Thread 0x0000015951494c90 nmethod 6424 0x00000159464cf010 code [0x00000159464cf1a0, 0x00000159464cf288]
Event: 253.431 Thread 0x0000015951494c90 6425       1       java.util.concurrent.atomic.AtomicLong::set (12 bytes)
Event: 253.432 Thread 0x0000015951494c90 nmethod 6425 0x00000159464ce910 code [0x00000159464ceaa0, 0x00000159464ceb78]
Event: 254.438 Thread 0x0000015951494c90 6427       1       java.util.concurrent.atomic.AtomicLong::getAndSet (12 bytes)
Event: 254.439 Thread 0x0000015951494c90 nmethod 6427 0x00000159464ce610 code [0x00000159464ce7a0, 0x00000159464ce878]
Event: 254.439 Thread 0x0000015951494c90 6428       1       jdk.internal.misc.Unsafe::getAndSetLong (24 bytes)
Event: 254.439 Thread 0x0000015951494c90 nmethod 6428 0x00000159464ce290 code [0x00000159464ce420, 0x00000159464ce538]
Event: 254.701 Thread 0x0000015951494c90 6429       1       org.apache.catalina.util.LifecycleBase::fireLifecycleEvent (56 bytes)
Event: 254.701 Thread 0x0000015951494c90 nmethod 6429 0x00000159464cdb90 code [0x00000159464cdd60, 0x00000159464ce0d8]
Event: 254.701 Thread 0x0000015951494c90 6430       1       org.apache.catalina.LifecycleEvent::<init> (16 bytes)
Event: 254.702 Thread 0x0000015951494c90 nmethod 6430 0x00000159464cd690 code [0x00000159464cd840, 0x00000159464cdac8]
Event: 255.452 Thread 0x0000015951494c90 6431   !   1       org.apache.tomcat.util.net.NioEndpoint$Poller::timeout (565 bytes)
Event: 255.455 Thread 0x0000015951494c90 nmethod 6431 0x00000159464cb290 code [0x00000159464cb640, 0x00000159464cc788]
Event: 264.591 Thread 0x0000015951494c90 6432       1       org.apache.coyote.AbstractProtocol$$Lambda$1025/0x00000001007a8ab0::run (8 bytes)
Event: 264.592 Thread 0x0000015951494c90 nmethod 6432 0x00000159464caf10 code [0x00000159464cb0a0, 0x00000159464cb188]
Event: 264.592 Thread 0x0000015951494c90 6433       1       org.apache.coyote.AbstractProtocol::lambda$startAsyncTimeout$1 (46 bytes)
Event: 264.592 Thread 0x0000015951494c90 nmethod 6433 0x00000159464ca990 code [0x00000159464cab60, 0x00000159464cad98]

GC Heap History (20 events):
Event: 7.979 GC heap before
{Heap before GC invocations=18 (full 0):
 garbage-first heap   total 71680K, used 58448K [0x0000000081e00000, 0x0000000100000000)
  region size 1024K, 35 young (35840K), 2 survivors (2048K)
 Metaspace       used 54892K, committed 55296K, reserved 1097728K
  class space    used 7173K, committed 7360K, reserved 1048576K
}
Event: 7.982 GC heap after
{Heap after GC invocations=19 (full 0):
 garbage-first heap   total 71680K, used 25836K [0x0000000081e00000, 0x0000000100000000)
  region size 1024K, 3 young (3072K), 3 survivors (3072K)
 Metaspace       used 54892K, committed 55296K, reserved 1097728K
  class space    used 7173K, committed 7360K, reserved 1048576K
}
Event: 8.328 GC heap before
{Heap before GC invocations=19 (full 0):
 garbage-first heap   total 71680K, used 58604K [0x0000000081e00000, 0x0000000100000000)
  region size 1024K, 35 young (35840K), 3 survivors (3072K)
 Metaspace       used 56953K, committed 57344K, reserved 1105920K
  class space    used 7509K, committed 7680K, reserved 1048576K
}
Event: 8.332 GC heap after
{Heap after GC invocations=20 (full 0):
 garbage-first heap   total 71680K, used 27591K [0x0000000081e00000, 0x0000000100000000)
  region size 1024K, 4 young (4096K), 4 survivors (4096K)
 Metaspace       used 56953K, committed 57344K, reserved 1105920K
  class space    used 7509K, committed 7680K, reserved 1048576K
}
Event: 13.592 GC heap before
{Heap before GC invocations=20 (full 0):
 garbage-first heap   total 71680K, used 57287K [0x0000000081e00000, 0x0000000100000000)
  region size 1024K, 34 young (34816K), 4 survivors (4096K)
 Metaspace       used 59693K, committed 60160K, reserved 1105920K
  class space    used 7866K, committed 8064K, reserved 1048576K
}
Event: 13.597 GC heap after
{Heap after GC invocations=21 (full 0):
 garbage-first heap   total 71680K, used 29186K [0x0000000081e00000, 0x0000000100000000)
  region size 1024K, 4 young (4096K), 4 survivors (4096K)
 Metaspace       used 59693K, committed 60160K, reserved 1105920K
  class space    used 7866K, committed 8064K, reserved 1048576K
}
Event: 13.626 GC heap before
{Heap before GC invocations=21 (full 0):
 garbage-first heap   total 71680K, used 30210K [0x0000000081e00000, 0x0000000100000000)
  region size 1024K, 6 young (6144K), 4 survivors (4096K)
 Metaspace       used 59831K, committed 60288K, reserved 1105920K
  class space    used 7881K, committed 8064K, reserved 1048576K
}
Event: 13.630 GC heap after
{Heap after GC invocations=22 (full 0):
 garbage-first heap   total 71680K, used 29282K [0x0000000081e00000, 0x0000000100000000)
  region size 1024K, 2 young (2048K), 2 survivors (2048K)
 Metaspace       used 59831K, committed 60288K, reserved 1105920K
  class space    used 7881K, committed 8064K, reserved 1048576K
}
Event: 14.100 GC heap before
{Heap before GC invocations=23 (full 0):
 garbage-first heap   total 71680K, used 57954K [0x0000000081e00000, 0x0000000100000000)
  region size 1024K, 31 young (31744K), 2 survivors (2048K)
 Metaspace       used 63481K, committed 63872K, reserved 1105920K
  class space    used 8339K, committed 8512K, reserved 1048576K
}
Event: 14.103 GC heap after
{Heap after GC invocations=24 (full 0):
 garbage-first heap   total 71680K, used 30513K [0x0000000081e00000, 0x0000000100000000)
  region size 1024K, 4 young (4096K), 4 survivors (4096K)
 Metaspace       used 63481K, committed 63872K, reserved 1105920K
  class space    used 8339K, committed 8512K, reserved 1048576K
}
Event: 14.497 GC heap before
{Heap before GC invocations=24 (full 0):
 garbage-first heap   total 71680K, used 58161K [0x0000000081e00000, 0x0000000100000000)
  region size 1024K, 31 young (31744K), 4 survivors (4096K)
 Metaspace       used 65850K, committed 66240K, reserved 1114112K
  class space    used 8655K, committed 8832K, reserved 1048576K
}
Event: 14.501 GC heap after
{Heap after GC invocations=25 (full 0):
 garbage-first heap   total 71680K, used 32777K [0x0000000081e00000, 0x0000000100000000)
  region size 1024K, 4 young (4096K), 4 survivors (4096K)
 Metaspace       used 65850K, committed 66240K, reserved 1114112K
  class space    used 8655K, committed 8832K, reserved 1048576K
}
Event: 14.859 GC heap before
{Heap before GC invocations=25 (full 0):
 garbage-first heap   total 71680K, used 56329K [0x0000000081e00000, 0x0000000100000000)
  region size 1024K, 28 young (28672K), 4 survivors (4096K)
 Metaspace       used 67462K, committed 67840K, reserved 1114112K
  class space    used 8895K, committed 9088K, reserved 1048576K
}
Event: 14.862 GC heap after
{Heap after GC invocations=26 (full 0):
 garbage-first heap   total 71680K, used 32525K [0x0000000081e00000, 0x0000000100000000)
  region size 1024K, 1 young (1024K), 1 survivors (1024K)
 Metaspace       used 67462K, committed 67840K, reserved 1114112K
  class space    used 8895K, committed 9088K, reserved 1048576K
}
Event: 101.847 GC heap before
{Heap before GC invocations=26 (full 0):
 garbage-first heap   total 71680K, used 57101K [0x0000000081e00000, 0x0000000100000000)
  region size 1024K, 26 young (26624K), 1 survivors (1024K)
 Metaspace       used 67675K, committed 68096K, reserved 1114112K
  class space    used 8920K, committed 9088K, reserved 1048576K
}
Event: 101.851 GC heap after
{Heap after GC invocations=27 (full 0):
 garbage-first heap   total 71680K, used 33392K [0x0000000081e00000, 0x0000000100000000)
  region size 1024K, 2 young (2048K), 2 survivors (2048K)
 Metaspace       used 67675K, committed 68096K, reserved 1114112K
  class space    used 8920K, committed 9088K, reserved 1048576K
}
Event: 161.556 GC heap before
{Heap before GC invocations=28 (full 0):
 garbage-first heap   total 71680K, used 56944K [0x0000000081e00000, 0x0000000100000000)
  region size 1024K, 26 young (26624K), 2 survivors (2048K)
 Metaspace       used 67528K, committed 68096K, reserved 1114112K
  class space    used 8889K, committed 9088K, reserved 1048576K
}
Event: 161.562 GC heap after
{Heap after GC invocations=29 (full 0):
 garbage-first heap   total 71680K, used 35635K [0x0000000081e00000, 0x0000000100000000)
  region size 1024K, 4 young (4096K), 4 survivors (4096K)
 Metaspace       used 67528K, committed 68096K, reserved 1114112K
  class space    used 8889K, committed 9088K, reserved 1048576K
}
Event: 161.567 GC heap before
{Heap before GC invocations=29 (full 0):
 garbage-first heap   total 71680K, used 36659K [0x0000000081e00000, 0x0000000100000000)
  region size 1024K, 5 young (5120K), 4 survivors (4096K)
 Metaspace       used 67528K, committed 68096K, reserved 1114112K
  class space    used 8889K, committed 9088K, reserved 1048576K
}
Event: 161.576 GC heap after
{Heap after GC invocations=30 (full 0):
 garbage-first heap   total 71680K, used 34928K [0x0000000081e00000, 0x0000000100000000)
  region size 1024K, 1 young (1024K), 1 survivors (1024K)
 Metaspace       used 67528K, committed 68096K, reserved 1114112K
  class space    used 8889K, committed 9088K, reserved 1048576K
}

Deoptimization events (20 events):
Event: 161.606 Thread 0x00000159557e1190 DEOPT PACKING pc=0x0000015946e23942 sp=0x00000018920fc240
Event: 161.606 Thread 0x00000159557e1190 DEOPT UNPACKING pc=0x0000015946302b43 sp=0x00000018920fb6d0 mode 1
Event: 161.606 Thread 0x00000159557e1190 DEOPT PACKING pc=0x0000015946753ca4 sp=0x00000018920fc2a0
Event: 161.606 Thread 0x00000159557e1190 DEOPT UNPACKING pc=0x0000015946302b43 sp=0x00000018920fb778 mode 1
Event: 161.614 Thread 0x00000159557e1190 DEOPT PACKING pc=0x00000159467ae1d4 sp=0x00000018920fbb20
Event: 161.614 Thread 0x00000159557e1190 DEOPT UNPACKING pc=0x0000015946302b43 sp=0x00000018920fafb8 mode 1
Event: 161.614 Thread 0x00000159557e1190 DEOPT PACKING pc=0x00000159467a817c sp=0x00000018920fbbf0
Event: 161.614 Thread 0x00000159557e1190 DEOPT UNPACKING pc=0x0000015946302b43 sp=0x00000018920fb0a8 mode 1
Event: 161.614 Thread 0x00000159557e1190 DEOPT PACKING pc=0x0000015946969f1c sp=0x00000018920fc5e0
Event: 161.614 Thread 0x00000159557e1190 DEOPT UNPACKING pc=0x0000015946302b43 sp=0x00000018920fbab0 mode 1
Event: 161.616 Thread 0x00000159557e1190 DEOPT PACKING pc=0x0000015946e23942 sp=0x00000018920fc240
Event: 161.616 Thread 0x00000159557e1190 DEOPT UNPACKING pc=0x0000015946302b43 sp=0x00000018920fb6d0 mode 1
Event: 161.616 Thread 0x00000159557e1190 DEOPT PACKING pc=0x0000015946753ca4 sp=0x00000018920fc2a0
Event: 161.616 Thread 0x00000159557e1190 DEOPT UNPACKING pc=0x0000015946302b43 sp=0x00000018920fb778 mode 1
Event: 176.577 Thread 0x00000159557e1190 DEOPT PACKING pc=0x0000015946a7ea5c sp=0x00000018920fd660
Event: 176.577 Thread 0x00000159557e1190 DEOPT UNPACKING pc=0x0000015946302b43 sp=0x00000018920fcb88 mode 1
Event: 176.577 Thread 0x00000159557e1190 DEOPT PACKING pc=0x00000159469f817c sp=0x00000018920fd740
Event: 176.577 Thread 0x00000159557e1190 DEOPT UNPACKING pc=0x0000015946302b43 sp=0x00000018920fcbe0 mode 1
Event: 176.577 Thread 0x00000159557e1190 DEOPT PACKING pc=0x0000015946a005fc sp=0x00000018920fd790
Event: 176.577 Thread 0x00000159557e1190 DEOPT UNPACKING pc=0x0000015946302b43 sp=0x00000018920fcc80 mode 1

Classes unloaded (20 events):
Event: 101.887 Thread 0x0000015951441760 Unloading class 0x000000010010f000 'java/lang/invoke/LambdaForm$MH+0x000000010010f000'
Event: 101.887 Thread 0x0000015951441760 Unloading class 0x000000010010a000 'jdk/internal/reflect/GeneratedSerializationConstructorAccessor3'
Event: 101.887 Thread 0x0000015951441760 Unloading class 0x0000000100109c00 'jdk/internal/reflect/GeneratedSerializationConstructorAccessor2'
Event: 101.887 Thread 0x0000015951441760 Unloading class 0x0000000100109800 'jdk/internal/reflect/GeneratedSerializationConstructorAccessor1'
Event: 101.887 Thread 0x0000015951441760 Unloading class 0x0000000100109000 'java/lang/invoke/LambdaForm$DMH+0x0000000100109000'
Event: 101.887 Thread 0x0000015951441760 Unloading class 0x0000000100108800 'java/lang/invoke/LambdaForm$DMH+0x0000000100108800'
Event: 101.887 Thread 0x0000015951441760 Unloading class 0x0000000100107c00 'jdk/internal/reflect/GeneratedConstructorAccessor1'
Event: 101.887 Thread 0x0000015951441760 Unloading class 0x0000000100107000 'java/lang/invoke/LambdaForm$MH+0x0000000100107000'
Event: 101.887 Thread 0x0000015951441760 Unloading class 0x0000000100106c00 'java/lang/invoke/LambdaForm$MH+0x0000000100106c00'
Event: 101.887 Thread 0x0000015951441760 Unloading class 0x0000000100106800 'java/lang/invoke/LambdaForm$MH+0x0000000100106800'
Event: 101.887 Thread 0x0000015951441760 Unloading class 0x0000000100106400 'java/lang/invoke/LambdaForm$MH+0x0000000100106400'
Event: 101.887 Thread 0x0000015951441760 Unloading class 0x0000000100106000 'java/lang/invoke/LambdaForm$MH+0x0000000100106000'
Event: 101.887 Thread 0x0000015951441760 Unloading class 0x0000000100105c00 'java/lang/invoke/LambdaForm$MH+0x0000000100105c00'
Event: 101.887 Thread 0x0000015951441760 Unloading class 0x0000000100104c00 'java/lang/invoke/LambdaForm$MH+0x0000000100104c00'
Event: 101.887 Thread 0x0000015951441760 Unloading class 0x0000000100104800 'java/lang/invoke/LambdaForm$MH+0x0000000100104800'
Event: 101.887 Thread 0x0000015951441760 Unloading class 0x0000000100104000 'java/lang/invoke/LambdaForm$MH+0x0000000100104000'
Event: 101.887 Thread 0x0000015951441760 Unloading class 0x0000000100103400 'java/lang/invoke/LambdaForm$MH+0x0000000100103400'
Event: 101.887 Thread 0x0000015951441760 Unloading class 0x0000000100102c00 'java/lang/invoke/LambdaForm$MH+0x0000000100102c00'
Event: 101.887 Thread 0x0000015951441760 Unloading class 0x0000000100102400 'java/lang/invoke/LambdaForm$MH+0x0000000100102400'
Event: 101.887 Thread 0x0000015951441760 Unloading class 0x0000000100101c00 'java/lang/invoke/LambdaForm$MH+0x0000000100101c00'

Classes redefined (12 events):
Event: 262.594 Thread 0x0000015951441760 redefined class name=com.example.bank_audit.enums.ColumnConfig$3, count=1
Event: 262.595 Thread 0x0000015951441760 redefined class name=com.example.bank_audit.enums.ColumnConfig$1, count=1
Event: 262.595 Thread 0x0000015951441760 redefined class name=com.example.bank_audit.enums.ColumnConfig$2, count=1
Event: 262.595 Thread 0x0000015951441760 redefined class name=com.example.bank_audit.enums.ColumnConfig$4, count=1
Event: 262.595 Thread 0x0000015951441760 redefined class name=com.example.bank_audit.enums.ColumnConfig, count=1
Event: 262.595 Thread 0x0000015951441760 redefined class name=com.example.bank_audit.enums.ColumnConfig$10, count=2
Event: 262.595 Thread 0x0000015951441760 redefined class name=com.example.bank_audit.enums.ColumnConfig$11, count=2
Event: 262.595 Thread 0x0000015951441760 redefined class name=com.example.bank_audit.enums.ColumnConfig$5, count=2
Event: 262.595 Thread 0x0000015951441760 redefined class name=com.example.bank_audit.enums.ColumnConfig$6, count=2
Event: 262.595 Thread 0x0000015951441760 redefined class name=com.example.bank_audit.enums.ColumnConfig$7, count=2
Event: 262.595 Thread 0x0000015951441760 redefined class name=com.example.bank_audit.enums.ColumnConfig$8, count=2
Event: 262.595 Thread 0x0000015951441760 redefined class name=com.example.bank_audit.enums.ColumnConfig$9, count=2

Internal exceptions (20 events):
Event: 8.129 Thread 0x0000015942c23220 Exception <a 'java/lang/ClassNotFoundException'{0x00000000855325e8}: org/springframework/context/ApplicationContextAwareCustomizer> (0x00000000855325e8) 
thrown [s\src\hotspot\share\classfile\systemDictionary.cpp, line 256]
Event: 8.130 Thread 0x0000015942c23220 Exception <a 'java/lang/ClassNotFoundException'{0x0000000085539050}: org/springframework/beans/factory/AwareCustomizer> (0x0000000085539050) 
thrown [s\src\hotspot\share\classfile\systemDictionary.cpp, line 256]
Event: 8.130 Thread 0x0000015942c23220 Exception <a 'java/lang/ClassNotFoundException'{0x000000008553e430}: org/springframework/web/context/ServletContextAwareCustomizer> (0x000000008553e430) 
thrown [s\src\hotspot\share\classfile\systemDictionary.cpp, line 256]
Event: 8.131 Thread 0x0000015942c23220 Exception <a 'java/lang/ClassNotFoundException'{0x00000000855447e0}: org/springframework/beans/factory/AwareCustomizer> (0x00000000855447e0) 
thrown [s\src\hotspot\share\classfile\systemDictionary.cpp, line 256]
Event: 8.257 Thread 0x0000015942c23220 Exception <a 'java/lang/NoSuchMethodError'{0x0000000084a19390}: 'void java.lang.invoke.DirectMethodHandle$Holder.invokeVirtual(java.lang.Object, java.lang.Object, int)'> (0x0000000084a19390) 
thrown [s\src\hotspot\share\interpreter\linkResolver.cpp, line 759]
Event: 8.259 Thread 0x0000015942c23220 Exception <a 'java/lang/NoSuchMethodError'{0x0000000084a33ee8}: 'void java.lang.invoke.DirectMethodHandle$Holder.invokeVirtual(java.lang.Object, java.lang.Object, long)'> (0x0000000084a33ee8) 
thrown [s\src\hotspot\share\interpreter\linkResolver.cpp, line 759]
Event: 8.333 Thread 0x0000015952f52700 Exception <a 'java/lang/reflect/InvocationTargetException'{0x0000000089d823d0}> (0x0000000089d823d0) 
thrown [s\src\hotspot\share\runtime\reflection.cpp, line 1121]
Event: 8.392 Thread 0x0000015942c23220 Exception <a 'java/lang/IncompatibleClassChangeError'{0x0000000085e12750}: Found class java.lang.Object, but interface was expected> (0x0000000085e12750) 
thrown [s\src\hotspot\share\interpreter\linkResolver.cpp, line 826]
Event: 8.526 Thread 0x0000015942c23220 Exception <a 'java/lang/NoSuchMethodError'{0x0000000085481da8}: 'java.lang.Object java.lang.invoke.DirectMethodHandle$Holder.invokeSpecial(java.lang.Object, java.lang.Object, int, java.lang.Object, int, java.lang.Object)'> (0x0000000085481da8) 
thrown [s\src\hotspot\share\interpreter\linkResolver.cpp, line 759]
Event: 8.526 Thread 0x0000015942c23220 Exception <a 'java/lang/NoSuchMethodError'{0x0000000085489ba8}: 'java.lang.Object java.lang.invoke.DirectMethodHandle$Holder.newInvokeSpecial(java.lang.Object, java.lang.Object, int, java.lang.Object, int)'> (0x0000000085489ba8) 
thrown [s\src\hotspot\share\interpreter\linkResolver.cpp, line 759]
Event: 8.526 Thread 0x0000015942c23220 Exception <a 'java/lang/NoSuchMethodError'{0x000000008548dca8}: 'java.lang.Object java.lang.invoke.DirectMethodHandle$Holder.invokeSpecial(java.lang.Object, java.lang.Object, java.lang.Object, int, java.lang.Object, int)'> (0x000000008548dca8) 
thrown [s\src\hotspot\share\interpreter\linkResolver.cpp, line 759]
Event: 8.527 Thread 0x0000015942c23220 Exception <a 'java/lang/NoSuchMethodError'{0x000000008549d028}: 'void java.lang.invoke.DirectMethodHandle$Holder.invokeVirtual(java.lang.Object, java.lang.Object)'> (0x000000008549d028) 
thrown [s\src\hotspot\share\interpreter\linkResolver.cpp, line 759]
Event: 13.872 Thread 0x0000015952295d70 Exception <a 'java/lang/NoSuchMethodError'{0x0000000085430c68}: 'void java.lang.invoke.DirectMethodHandle$Holder.invokeVirtual(java.lang.Object, java.lang.Object, java.lang.Object, int)'> (0x0000000085430c68) 
thrown [s\src\hotspot\share\interpreter\linkResolver.cpp, line 759]
Event: 13.914 Thread 0x0000015952295d70 Exception <a 'java/lang/NoSuchMethodError'{0x0000000085306760}: 'void java.lang.invoke.DirectMethodHandle$Holder.invokeStatic(java.lang.Object, java.lang.Object, java.lang.Object, int)'> (0x0000000085306760) 
thrown [s\src\hotspot\share\interpreter\linkResolver.cpp, line 759]
Event: 13.914 Thread 0x0000015952295d70 Exception <a 'java/lang/NoSuchMethodError'{0x000000008530a170}: 'void java.lang.invoke.DirectMethodHandle$Holder.invokeStaticInit(java.lang.Object, java.lang.Object, java.lang.Object, int)'> (0x000000008530a170) 
thrown [s\src\hotspot\share\interpreter\linkResolver.cpp, line 759]
Event: 14.750 Thread 0x0000015952295d70 Exception <a 'java/lang/reflect/InvocationTargetException'{0x000000008519e1c8}> (0x000000008519e1c8) 
thrown [s\src\hotspot\share\runtime\reflection.cpp, line 1121]
Event: 14.761 Thread 0x0000015952295d70 Exception <a 'java/lang/NoClassDefFoundError'{0x0000000085022aa8}: sun/reflect/Reflection> (0x0000000085022aa8) 
thrown [s\src\hotspot\share\classfile\systemDictionary.cpp, line 245]
Event: 67.986 Thread 0x00000159557e71d0 Exception <a 'java/lang/reflect/InvocationTargetException'{0x000000008505c630}> (0x000000008505c630) 
thrown [s\src\hotspot\share\runtime\reflection.cpp, line 1121]
Event: 116.513 Thread 0x00000159557e2000 Exception <a 'java/lang/reflect/InvocationTargetException'{0x000000008573b510}> (0x000000008573b510) 
thrown [s\src\hotspot\share\runtime\reflection.cpp, line 1121]
Event: 176.577 Thread 0x00000159557e1190 Exception <a 'java/lang/reflect/InvocationTargetException'{0x0000000085d45480}> (0x0000000085d45480) 
thrown [s\src\hotspot\share\runtime\reflection.cpp, line 1121]

VM Operations (20 events):
Event: 176.577 Executing VM operation: GetObjectMonitorUsage
Event: 176.578 Executing VM operation: GetObjectMonitorUsage done
Event: 176.578 Executing VM operation: GetObjectMonitorUsage
Event: 176.578 Executing VM operation: GetObjectMonitorUsage done
Event: 180.603 Executing VM operation: Cleanup
Event: 180.603 Executing VM operation: Cleanup done
Event: 196.748 Executing VM operation: Cleanup
Event: 196.748 Executing VM operation: Cleanup done
Event: 204.789 Executing VM operation: Cleanup
Event: 204.789 Executing VM operation: Cleanup done
Event: 206.806 Executing VM operation: Cleanup
Event: 206.806 Executing VM operation: Cleanup done
Event: 214.870 Executing VM operation: Cleanup
Event: 214.870 Executing VM operation: Cleanup done
Event: 262.571 Executing VM operation: RedefineClasses
Event: 262.638 Executing VM operation: RedefineClasses done
Event: 262.678 Executing VM operation: ChangeBreakpoints
Event: 262.680 Executing VM operation: ChangeBreakpoints done
Event: 265.712 Executing VM operation: Cleanup
Event: 265.712 Executing VM operation: Cleanup done

Events (20 events):
Event: 14.898 loading class java/nio/StringCharBuffer done
Event: 14.898 loading class sun/nio/cs/ISO_8859_1$Encoder
Event: 14.899 loading class sun/nio/cs/ISO_8859_1$Encoder done
Event: 14.899 loading class sun/nio/cs/Surrogate$Parser
Event: 14.899 loading class sun/nio/cs/Surrogate$Parser done
Event: 14.899 loading class sun/nio/cs/Surrogate
Event: 14.899 loading class sun/nio/cs/Surrogate done
Event: 19.882 Thread 0x00000159515c63d0 Thread exited: 0x00000159515c63d0
Event: 24.893 Thread 0x00000159515c5c80 Thread exited: 0x00000159515c5c80
Event: 42.452 Thread 0x00000159515c63d0 Thread added: 0x00000159515c63d0
Event: 42.487 Thread 0x0000015955d63970 Thread added: 0x0000015955d63970
Event: 42.487 Thread 0x0000015955d63e80 Thread added: 0x0000015955d63e80
Event: 43.539 Thread 0x0000015955d63970 Thread exited: 0x0000015955d63970
Event: 43.539 Thread 0x0000015955d63e80 Thread exited: 0x0000015955d63e80
Event: 45.594 Thread 0x00000159515c63d0 Thread exited: 0x00000159515c63d0
Event: 91.536 Thread 0x0000015952e2c180 Thread exited: 0x0000015952e2c180
Event: 101.810 Thread 0x00000159515c63d0 Thread added: 0x00000159515c63d0
Event: 103.273 Thread 0x00000159515c63d0 Thread exited: 0x00000159515c63d0
Event: 158.679 loading class java/util/concurrent/locks/AbstractQueuedSynchronizer$SharedNode
Event: 158.717 loading class java/util/concurrent/locks/AbstractQueuedSynchronizer$SharedNode done


Dynamic libraries:
0x00007ff752ab0000 - 0x00007ff752abe000 	C:\sts-4.16.0.RELEASE\plugins\org.eclipse.justj.openjdk.hotspot.jre.full.win32.x86_64_17.0.4.v20220903-1038\jre\bin\javaw.exe
0x00007ffa14bb0000 - 0x00007ffa14da8000 	C:\WINDOWS\SYSTEM32\ntdll.dll
0x00007ffa12c10000 - 0x00007ffa12ccd000 	C:\WINDOWS\System32\KERNEL32.DLL
0x00007ffa123e0000 - 0x00007ffa126ae000 	C:\WINDOWS\System32\KERNELBASE.dll
0x0000000064860000 - 0x0000000064b90000 	C:\Program Files\Norton Security\NortonData\22.20.5.39\Definitions\IPSDefs\20230123.061\IPSEng64.dll
0x00007ffa14a30000 - 0x00007ffa14ade000 	C:\WINDOWS\System32\ADVAPI32.dll
0x00007ffa14760000 - 0x00007ffa147fe000 	C:\WINDOWS\System32\msvcrt.dll
0x00007ffa14800000 - 0x00007ffa1489c000 	C:\WINDOWS\System32\sechost.dll
0x00007ffa13b80000 - 0x00007ffa13ca5000 	C:\WINDOWS\System32\RPCRT4.dll
0x00007ffa14950000 - 0x00007ffa14958000 	C:\WINDOWS\System32\PSAPI.DLL
0x00007ffa12700000 - 0x00007ffa12800000 	C:\WINDOWS\System32\ucrtbase.dll
0x00007ffa09440000 - 0x00007ffa09458000 	C:\sts-4.16.0.RELEASE\plugins\org.eclipse.justj.openjdk.hotspot.jre.full.win32.x86_64_17.0.4.v20220903-1038\jre\bin\jli.dll
0x00007ffa0d9f0000 - 0x00007ffa0da09000 	C:\sts-4.16.0.RELEASE\plugins\org.eclipse.justj.openjdk.hotspot.jre.full.win32.x86_64_17.0.4.v20220903-1038\jre\bin\VCRUNTIME140.dll
0x00007ffa13420000 - 0x00007ffa135c0000 	C:\WINDOWS\System32\USER32.dll
0x00007ff9ea840000 - 0x00007ff9eaada000 	C:\WINDOWS\WinSxS\amd64_microsoft.windows.common-controls_6595b64144ccf1df_6.0.19041.1110_none_60b5254171f9507e\COMCTL32.dll
0x00007ffa128c0000 - 0x00007ffa128e2000 	C:\WINDOWS\System32\win32u.dll
0x00007ffa13e30000 - 0x00007ffa13e5a000 	C:\WINDOWS\System32\GDI32.dll
0x00007ffa122d0000 - 0x00007ffa123db000 	C:\WINDOWS\System32\gdi32full.dll
0x00007ffa12b70000 - 0x00007ffa12c0d000 	C:\WINDOWS\System32\msvcp_win.dll
0x00007ffa14b40000 - 0x00007ffa14b70000 	C:\WINDOWS\System32\IMM32.DLL
0x00007ffa0d9e0000 - 0x00007ffa0d9ec000 	C:\sts-4.16.0.RELEASE\plugins\org.eclipse.justj.openjdk.hotspot.jre.full.win32.x86_64_17.0.4.v20220903-1038\jre\bin\vcruntime140_1.dll
0x00007ff9e81e0000 - 0x00007ff9e8271000 	C:\sts-4.16.0.RELEASE\plugins\org.eclipse.justj.openjdk.hotspot.jre.full.win32.x86_64_17.0.4.v20220903-1038\jre\bin\msvcp140.dll
0x00007ff9c11b0000 - 0x00007ff9c1df6000 	C:\sts-4.16.0.RELEASE\plugins\org.eclipse.justj.openjdk.hotspot.jre.full.win32.x86_64_17.0.4.v20220903-1038\jre\bin\server\jvm.dll
0x00007ff9f80e0000 - 0x00007ff9f8107000 	C:\WINDOWS\SYSTEM32\WINMM.dll
0x00007ffa0ab90000 - 0x00007ffa0ab9a000 	C:\WINDOWS\SYSTEM32\VERSION.dll
0x00007ff9ee730000 - 0x00007ff9ee739000 	C:\WINDOWS\SYSTEM32\WSOCK32.dll
0x00007ffa14960000 - 0x00007ffa149cb000 	C:\WINDOWS\System32\WS2_32.dll
0x00007ffa10e50000 - 0x00007ffa10e62000 	C:\WINDOWS\SYSTEM32\kernel.appcore.dll
0x00007ffa0d9c0000 - 0x00007ffa0d9ca000 	C:\sts-4.16.0.RELEASE\plugins\org.eclipse.justj.openjdk.hotspot.jre.full.win32.x86_64_17.0.4.v20220903-1038\jre\bin\jimage.dll
0x00007ffa10830000 - 0x00007ffa10a14000 	C:\WINDOWS\SYSTEM32\DBGHELP.DLL
0x00007ff9f8530000 - 0x00007ff9f855c000 	C:\WINDOWS\SYSTEM32\dbgcore.DLL
0x00007ffa12800000 - 0x00007ffa12882000 	C:\WINDOWS\System32\bcryptPrimitives.dll
0x00007ffa0b4e0000 - 0x00007ffa0b51b000 	C:\sts-4.16.0.RELEASE\plugins\org.eclipse.justj.openjdk.hotspot.jre.full.win32.x86_64_17.0.4.v20220903-1038\jre\bin\jdwp.dll
0x00007ffa0bbe0000 - 0x00007ffa0bbee000 	C:\sts-4.16.0.RELEASE\plugins\org.eclipse.justj.openjdk.hotspot.jre.full.win32.x86_64_17.0.4.v20220903-1038\jre\bin\instrument.dll
0x00007ff9e72d0000 - 0x00007ff9e72f5000 	C:\sts-4.16.0.RELEASE\plugins\org.eclipse.justj.openjdk.hotspot.jre.full.win32.x86_64_17.0.4.v20220903-1038\jre\bin\java.dll
0x00007ff9f9ab0000 - 0x00007ff9f9ac8000 	C:\sts-4.16.0.RELEASE\plugins\org.eclipse.justj.openjdk.hotspot.jre.full.win32.x86_64_17.0.4.v20220903-1038\jre\bin\zip.dll
0x00007ffa13e60000 - 0x00007ffa145a3000 	C:\WINDOWS\System32\SHELL32.dll
0x00007ffa0ffc0000 - 0x00007ffa10755000 	C:\WINDOWS\SYSTEM32\windows.storage.dll
0x00007ffa13730000 - 0x00007ffa13a84000 	C:\WINDOWS\System32\combase.dll
0x00007ffa11cc0000 - 0x00007ffa11cf0000 	C:\WINDOWS\SYSTEM32\Wldp.dll
0x00007ffa148a0000 - 0x00007ffa1494d000 	C:\WINDOWS\System32\SHCORE.dll
0x00007ffa13cb0000 - 0x00007ffa13d05000 	C:\WINDOWS\System32\shlwapi.dll
0x00007ffa12210000 - 0x00007ffa1222f000 	C:\WINDOWS\SYSTEM32\profapi.dll
0x00007ffa0dbe0000 - 0x00007ffa0dbec000 	C:\sts-4.16.0.RELEASE\plugins\org.eclipse.justj.openjdk.hotspot.jre.full.win32.x86_64_17.0.4.v20220903-1038\jre\bin\dt_socket.dll
0x00007ffa11670000 - 0x00007ffa116ab000 	C:\WINDOWS\SYSTEM32\IPHLPAPI.DLL
0x00007ffa11970000 - 0x00007ffa119da000 	C:\WINDOWS\system32\mswsock.dll
0x00007ffa116b0000 - 0x00007ffa1177a000 	C:\WINDOWS\SYSTEM32\DNSAPI.dll
0x00007ffa13b60000 - 0x00007ffa13b68000 	C:\WINDOWS\System32\NSI.dll
0x00007ffa0a920000 - 0x00007ffa0a92a000 	C:\Windows\System32\rasadhlp.dll
0x00007ffa031a0000 - 0x00007ffa03220000 	C:\WINDOWS\System32\fwpuclnt.dll
0x00007ffa12890000 - 0x00007ffa128b7000 	C:\WINDOWS\System32\bcrypt.dll
0x00007ff9f9780000 - 0x00007ff9f9799000 	C:\sts-4.16.0.RELEASE\plugins\org.eclipse.justj.openjdk.hotspot.jre.full.win32.x86_64_17.0.4.v20220903-1038\jre\bin\net.dll
0x00007ffa09f40000 - 0x00007ffa0a04a000 	C:\WINDOWS\SYSTEM32\WINHTTP.dll
0x00007ff9e6d30000 - 0x00007ff9e6d45000 	C:\sts-4.16.0.RELEASE\plugins\org.eclipse.justj.openjdk.hotspot.jre.full.win32.x86_64_17.0.4.v20220903-1038\jre\bin\nio.dll
0x00007ffa0d8e0000 - 0x00007ffa0d8e9000 	C:\sts-4.16.0.RELEASE\plugins\org.eclipse.justj.openjdk.hotspot.jre.full.win32.x86_64_17.0.4.v20220903-1038\jre\bin\management.dll
0x00007ffa0c8e0000 - 0x00007ffa0c8eb000 	C:\sts-4.16.0.RELEASE\plugins\org.eclipse.justj.openjdk.hotspot.jre.full.win32.x86_64_17.0.4.v20220903-1038\jre\bin\management_ext.dll
0x00007ff9e8980000 - 0x00007ff9e8997000 	C:\WINDOWS\system32\napinsp.dll
0x00007ff9e8620000 - 0x00007ff9e863b000 	C:\WINDOWS\system32\pnrpnsp.dll
0x00007ffa0cdb0000 - 0x00007ffa0cdc5000 	C:\WINDOWS\system32\wshbth.dll
0x00007ffa0d8c0000 - 0x00007ffa0d8dd000 	C:\WINDOWS\system32\NLAapi.dll
0x00007ff9e8600000 - 0x00007ff9e8612000 	C:\WINDOWS\System32\winrnr.dll
0x00007ffa11b20000 - 0x00007ffa11b38000 	C:\WINDOWS\SYSTEM32\CRYPTSP.dll
0x00007ffa11300000 - 0x00007ffa11334000 	C:\WINDOWS\system32\rsaenh.dll
0x00007ffa121d0000 - 0x00007ffa121fe000 	C:\WINDOWS\SYSTEM32\USERENV.dll
0x00007ffa11b40000 - 0x00007ffa11b4c000 	C:\WINDOWS\SYSTEM32\CRYPTBASE.dll
0x00007ffa0abf0000 - 0x00007ffa0ac07000 	C:\WINDOWS\SYSTEM32\dhcpcsvc6.DLL
0x00007ffa0abd0000 - 0x00007ffa0abed000 	C:\WINDOWS\SYSTEM32\dhcpcsvc.DLL
0x00007ffa0aef0000 - 0x00007ffa0af00000 	C:\sts-4.16.0.RELEASE\plugins\org.eclipse.justj.openjdk.hotspot.jre.full.win32.x86_64_17.0.4.v20220903-1038\jre\bin\verify.dll
0x00007ff9eb910000 - 0x00007ff9eb91e000 	C:\sts-4.16.0.RELEASE\plugins\org.eclipse.justj.openjdk.hotspot.jre.full.win32.x86_64_17.0.4.v20220903-1038\jre\bin\sunmscapi.dll
0x00007ffa128f0000 - 0x00007ffa12a46000 	C:\WINDOWS\System32\CRYPT32.dll
0x00007ffa11d30000 - 0x00007ffa11d57000 	C:\WINDOWS\SYSTEM32\ncrypt.dll
0x00007ffa11cf0000 - 0x00007ffa11d2b000 	C:\WINDOWS\SYSTEM32\NTASN1.dll
0x00007ffa0c6e0000 - 0x00007ffa0c6e7000 	C:\WINDOWS\system32\wshunix.dll

dbghelp: loaded successfully - version: 4.0.5 - missing functions: none
symbol engine: initialized successfully - sym options: 0x614 - pdb path: .;C:\sts-4.16.0.RELEASE\plugins\org.eclipse.justj.openjdk.hotspot.jre.full.win32.x86_64_17.0.4.v20220903-1038\jre\bin;C:\WINDOWS\SYSTEM32;C:\Program Files\Norton Security\NortonData\22.20.5.39\Definitions\IPSDefs\20230123.061;C:\WINDOWS\WinSxS\amd64_microsoft.windows.common-controls_6595b64144ccf1df_6.0.19041.1110_none_60b5254171f9507e;C:\sts-4.16.0.RELEASE\plugins\org.eclipse.justj.openjdk.hotspot.jre.full.win32.x86_64_17.0.4.v20220903-1038\jre\bin\server

VM Arguments:
jvm_args: -XX:+ShowCodeDetailsInExceptionMessages -agentlib:jdwp=transport=dt_socket,suspend=y,address=localhost:16789 -Dcom.sun.management.jmxremote -Dcom.sun.management.jmxremote.port=21531 -Dcom.sun.management.jmxremote.authenticate=false -Dcom.sun.management.jmxremote.ssl=false -Djava.rmi.server.hostname=localhost -Dspring.jmx.enabled=true -Dspring.application.admin.enabled=true -XX:TieredStopAtLevel=1 -Dspring.boot.project.name=bank_audit -javaagent:C:\sts-4.16.0.RELEASE\configuration\org.eclipse.osgi\268\0\.cp\lib\javaagent-shaded.jar -Dfile.encoding=UTF-8 
java_command: com.example.bank_audit.BankAuditApplication --spring.output.ansi.enabled=always
java_class_path (initial): C:\Users\SHITAL KUHIKAR\Desktop\bank_audit\target\classes;C:\Users\SHITAL KUHIKAR\.m2\repository\org\springframework\boot\spring-boot-starter-data-jpa\2.5.0\spring-boot-starter-data-jpa-2.5.0.jar;C:\Users\SHITAL KUHIKAR\.m2\repository\org\springframework\boot\spring-boot-starter-aop\2.5.0\spring-boot-starter-aop-2.5.0.jar;C:\Users\SHITAL KUHIKAR\.m2\repository\org\springframework\spring-aop\5.3.7\spring-aop-5.3.7.jar;C:\Users\SHITAL KUHIKAR\.m2\repository\org\aspectj\aspectjweaver\1.9.6\aspectjweaver-1.9.6.jar;C:\Users\SHITAL KUHIKAR\.m2\repository\org\springframework\boot\spring-boot-starter-jdbc\2.5.0\spring-boot-starter-jdbc-2.5.0.jar;C:\Users\SHITAL KUHIKAR\.m2\repository\com\zaxxer\HikariCP\4.0.3\HikariCP-4.0.3.jar;C:\Users\SHITAL KUHIKAR\.m2\repository\org\springframework\spring-jdbc\5.3.7\spring-jdbc-5.3.7.jar;C:\Users\SHITAL KUHIKAR\.m2\repository\jakarta\transaction\jakarta.transaction-api\1.3.3\jakarta.transaction-api-1.3.3.jar;C:\Users\SHITAL KUHIKAR\.m2\repository\jakarta\persistence\jakarta.persistence-api\2.2.3\jakarta.persistence-api-2.2.3.jar;C:\Users\SHITAL KUHIKAR\.m2\repository\org\hibernate\hibernate-core\5.4.31.Final\hibernate-core-5.4.31.Final.jar;C:\Users\SHITAL KUHIKAR\.m2\repository\org\jboss\logging\jboss-logging\3.4.1.Final\jboss-logging-3.4.1.Final.jar;C:\Users\SHITAL KUHIKAR\.m2\repository\org\javassist\javassist\3.27.0-GA\javassist-3.27.0-GA.jar;C:\Users\SHITAL KUHIKAR\.m2\repository\net\bytebuddy\byte-buddy\1.10.22\byte-buddy-1.10.22.jar;C:\Users\SHITAL KUHIKAR\.m2\repository\antlr\antlr\2.7.7\antlr-2.7.7.jar;C:\Users\SHITAL KUHIKAR\.m2\repository\org\jboss\jandex\2.2.3.Final\jandex-2.2.3.Final.jar;C:\Users\SHITAL KUHIKAR\.m2\repository\com\fasterxml\classmate\1.5.1\classmate-1.5.1.jar;C:\Users\SHITAL KUHIKAR\.m2\repository\org\dom4j\dom4j\2.1.3\dom4j-2.1.3.jar;C:\Users\SHITAL KUHIKAR\.m2\repository\org\hibernate\common\hibernate-commons-annotations\5.1.2.Final\hibernate-commons-annotations-5.1.2.Final.jar;
Launcher Type: SUN_STANDARD

[Global flags]
     intx CICompilerCount                          = 4                                         {product} {ergonomic}
     uint ConcGCThreads                            = 2                                         {product} {ergonomic}
     uint G1ConcRefinementThreads                  = 8                                         {product} {ergonomic}
   size_t G1HeapRegionSize                         = 1048576                                   {product} {ergonomic}
    uintx GCDrainStackTargetSize                   = 64                                        {product} {ergonomic}
   size_t InitialHeapSize                          = 134217728                                 {product} {ergonomic}
     bool ManagementServer                         = true                                      {product} {command line}
   size_t MarkStackSize                            = 4194304                                   {product} {ergonomic}
   size_t MaxHeapSize                              = 2116026368                                {product} {ergonomic}
   size_t MaxNewSize                               = 1268776960                                {product} {ergonomic}
   size_t MinHeapDeltaBytes                        = 1048576                                   {product} {ergonomic}
   size_t MinHeapSize                              = 8388608                                   {product} {ergonomic}
    uintx NonProfiledCodeHeapSize                  = 0                                      {pd product} {ergonomic}
     bool ProfileInterpreter                       = false                                  {pd product} {command line}
    uintx ProfiledCodeHeapSize                     = 0                                      {pd product} {ergonomic}
     bool ShowCodeDetailsInExceptionMessages       = true                                   {manageable} {command line}
   size_t SoftMaxHeapSize                          = 2116026368                             {manageable} {ergonomic}
     intx TieredStopAtLevel                        = 1                                         {product} {command line}
     bool UseCompressedClassPointers               = true                           {product lp64_product} {ergonomic}
     bool UseCompressedOops                        = true                           {product lp64_product} {ergonomic}
     bool UseG1GC                                  = true                                      {product} {ergonomic}
     bool UseLargePagesIndividualAllocation        = false                                  {pd product} {ergonomic}

Logging:
Log output configuration:
 #0: stdout all=warning uptime,level,tags
 #1: stderr all=off uptime,level,tags

Environment Variables:
PATH=C:\sts-4.16.0.RELEASE\plugins\org.eclipse.justj.openjdk.hotspot.jre.full.win32.x86_64_17.0.4.v20220903-1038\jre\bin;C:/sts-4.16.0.RELEASE//plugins/org.eclipse.justj.openjdk.hotspot.jre.full.win32.x86_64_17.0.4.v20220903-1038/jre/bin/server;C:/sts-4.16.0.RELEASE//plugins/org.eclipse.justj.openjdk.hotspot.jre.full.win32.x86_64_17.0.4.v20220903-1038/jre/bin;C:\Program Files\Common Files\Oracle\Java\javapath;C:\Program Files (x86)\Common Files\Oracle\Java\javapath;C:\Oracle21c\WINDOWS.X64_213000_db_home\bin;C:\Program Files (x86)\VMware\VMware Player\bin\;C:\WINDOWS\system32;C:\WINDOWS;C:\WINDOWS\System32\Wbem;C:\WINDOWS\System32\WindowsPowerShell\v1.0\;C:\WINDOWS\System32\OpenSSH\;C:\MySQL8.0\bin;C:\Program Files (x86)\Microsoft SQL Server\150\DTS\Binn\;C:\Program Files\Java\jdk-13.0.1\bin;C:\Program Files\PuTTY\;C:\Program Files (x86)\sbt\bin;C:\Program Files\Git\cmd;C:\Program Files\Git\mingw64\bin;C:\Program Files\Git\usr\bin;C:\Users\SHITAL KUHIKAR\AppData\Roaming\nvm;C:\Program Files\nodejs;C:\Android Studi Gradle\gradle-8.3\bin;C:\Users\SHITAL KUHIKAR\Desktop\apache-maven-3.9.4\bin;C:\Program Files\nodejs\;C:\Program Files\MySQL\MySQL Shell 8.0\bin\;C:\Program Files\Java\jdk-13.0.1\bin;C:\Users\SHITAL KUHIKAR\AppData\Local\Microsoft\WindowsApps;C:\Program Files (x86)\scala\bin;C:\hadoop\bin;C:\Program Files (x86)\Nmap;C:\Users\SHITAL KUHIKAR\AppData\Local\Programs\Microsoft VS Code\bin;C:\Users\SHITAL KUHIKAR\AppData\Roaming\nvm;C:\Program Files\nodejs;C:\Program Files\JetBrains\IntelliJ IDEA 2023.2.1\bin;;C:\Users\SHITAL KUHIKAR\AppData\Local\JetBrains\IntelliJ IDEA Community Edition 2023.2.1\bin;;C:\Users\SHITAL KUHIKAR\AppData\Roaming\npm;C:\sts-4.16.0.RELEASE;
USERNAME=SHITAL KUHIKAR
OS=Windows_NT
PROCESSOR_IDENTIFIER=Intel64 Family 6 Model 142 Stepping 12, GenuineIntel
TMP=C:\Users\SHITAL~1\AppData\Local\Temp
TEMP=C:\Users\SHITAL~1\AppData\Local\Temp



---------------  S Y S T E M  ---------------

OS:
 Windows 10 , 64 bit Build 19041 (10.0.19041.1889)
OS uptime: 15 days 1:42 hours
Hyper-V role detected

CPU: total 8 (initial active 8) (4 cores per cpu, 2 threads per core) family 6 model 142 stepping 12 microcode 0xd6, cx8, cmov, fxsr, ht, mmx, 3dnowpref, sse, sse2, sse3, ssse3, sse4.1, sse4.2, popcnt, lzcnt, tsc, tscinvbit, avx, avx2, aes, erms, clmul, bmi1, bmi2, adx, fma, vzeroupper, clflush, clflushopt, hv

Memory: 4k page, system-wide physical 8070M (407M free)
TotalPageFile size 27905M (AvailPageFile size 3064M)
current process WorkingSet (physical memory assigned to process): 137M, peak: 219M
current process commit charge ("private bytes"): 252M, peak: 253M

vm_info: OpenJDK 64-Bit Server VM (17.0.4.1+1) for windows-amd64 JRE (17.0.4.1+1), built on Aug 17 2022 07:42:43 by "temurin" with MS VC++ 16.7 (VS2019)

END.
